<?xml version="1.0" encoding="UTF-8"?>
<!-- Generated by org.testng.reporters.JUnitReportReporter -->
<testsuite hostname="LAPTOP-IFHP4133" failures="0" tests="1" name="qaclickacademy.HomePage" time="35.328" errors="0" timestamp="26 Jul 2018 17:44:37 GMT" skipped="0">
  <testcase classname="qaclickacademy.HomePage" name="basePageNav" time="35.328"/>
</testsuite> <!-- qaclickacademy.HomePage -->
